19:58:19.241 [pool-3-thread-4] ERROR fun.luqing.DMW2 - [parseResponse,63] - BigModel
org.json.JSONException: JSONObject["choices"] not found.
	at org.json.JSONObject.get(JSONObject.java:568)
	at org.json.JSONObject.getJSONArray(JSONObject.java:761)
	at fun.luqing.Plugin.Chat.BigModelApi.parseResponse(BigModelApi.java:26)
	at fun.luqing.Plugin.Chat.Chat.handleApiResponse(Chat.java:54)
	at fun.luqing.Plugin.Chat.Chat.<init>(Chat.java:26)
	at fun.luqing.Plugin.Plugin.register(Plugin.java:33)
	at fun.luqing.Plugin.Plugin.<init>(Plugin.java:20)
	at fun.luqing.WebSocket.WebSocket.processMessage(WebSocket.java:136)
	at fun.luqing.WebSocket.WebSocket$1.lambda$onMessage$0(WebSocket.java:88)
	at java.base/java.util.concurrent.Executors$RunnableAdapter.call(Executors.java:572)
	at java.base/java.util.concurrent.FutureTask.run(FutureTask.java:317)
	at java.base/java.util.concurrent.ThreadPoolExecutor.runWorker(ThreadPoolExecutor.java:1144)
	at java.base/java.util.concurrent.ThreadPoolExecutor$Worker.run(ThreadPoolExecutor.java:642)
	at java.base/java.lang.Thread.run(Thread.java:1583)
19:58:45.214 [pool-3-thread-6] ERROR fun.luqing.DMW2 - [parseResponse,63] - BigModel
org.json.JSONException: JSONObject["choices"] not found.
	at org.json.JSONObject.get(JSONObject.java:568)
	at org.json.JSONObject.getJSONArray(JSONObject.java:761)
	at fun.luqing.Plugin.Chat.BigModelApi.parseResponse(BigModelApi.java:26)
	at fun.luqing.Plugin.Chat.Chat.handleApiResponse(Chat.java:54)
	at fun.luqing.Plugin.Chat.Chat.<init>(Chat.java:26)
	at fun.luqing.Plugin.Plugin.register(Plugin.java:33)
	at fun.luqing.Plugin.Plugin.<init>(Plugin.java:20)
	at fun.luqing.WebSocket.WebSocket.processMessage(WebSocket.java:136)
	at fun.luqing.WebSocket.WebSocket$1.lambda$onMessage$0(WebSocket.java:88)
	at java.base/java.util.concurrent.Executors$RunnableAdapter.call(Executors.java:572)
	at java.base/java.util.concurrent.FutureTask.run(FutureTask.java:317)
	at java.base/java.util.concurrent.ThreadPoolExecutor.runWorker(ThreadPoolExecutor.java:1144)
	at java.base/java.util.concurrent.ThreadPoolExecutor$Worker.run(ThreadPoolExecutor.java:642)
	at java.base/java.lang.Thread.run(Thread.java:1583)
19:59:05.195 [pool-3-thread-1] ERROR fun.luqing.DMW2 - [parseResponse,63] - BigModel
org.json.JSONException: JSONObject["choices"] not found.
	at org.json.JSONObject.get(JSONObject.java:568)
	at org.json.JSONObject.getJSONArray(JSONObject.java:761)
	at fun.luqing.Plugin.Chat.BigModelApi.parseResponse(BigModelApi.java:26)
	at fun.luqing.Plugin.Chat.Chat.handleApiResponse(Chat.java:54)
	at fun.luqing.Plugin.Chat.Chat.<init>(Chat.java:26)
	at fun.luqing.Plugin.Plugin.register(Plugin.java:33)
	at fun.luqing.Plugin.Plugin.<init>(Plugin.java:20)
	at fun.luqing.WebSocket.WebSocket.processMessage(WebSocket.java:136)
	at fun.luqing.WebSocket.WebSocket$1.lambda$onMessage$0(WebSocket.java:88)
	at java.base/java.util.concurrent.Executors$RunnableAdapter.call(Executors.java:572)
	at java.base/java.util.concurrent.FutureTask.run(FutureTask.java:317)
	at java.base/java.util.concurrent.ThreadPoolExecutor.runWorker(ThreadPoolExecutor.java:1144)
	at java.base/java.util.concurrent.ThreadPoolExecutor$Worker.run(ThreadPoolExecutor.java:642)
	at java.base/java.lang.Thread.run(Thread.java:1583)
20:06:50.316 [pool-3-thread-3] ERROR fun.luqing.DMW2 - [parseResponse,63] - BigModel
org.json.JSONException: JSONObject["choices"] not found.
	at org.json.JSONObject.get(JSONObject.java:568)
	at org.json.JSONObject.getJSONArray(JSONObject.java:761)
	at fun.luqing.Plugin.Chat.BigModelApi.parseResponse(BigModelApi.java:26)
	at fun.luqing.Plugin.Chat.Chat.handleApiResponse(Chat.java:54)
	at fun.luqing.Plugin.Chat.Chat.<init>(Chat.java:26)
	at fun.luqing.Plugin.Plugin.register(Plugin.java:33)
	at fun.luqing.Plugin.Plugin.<init>(Plugin.java:20)
	at fun.luqing.WebSocket.WebSocket.processMessage(WebSocket.java:136)
	at fun.luqing.WebSocket.WebSocket$1.lambda$onMessage$0(WebSocket.java:88)
	at java.base/java.util.concurrent.Executors$RunnableAdapter.call(Executors.java:572)
	at java.base/java.util.concurrent.FutureTask.run(FutureTask.java:317)
	at java.base/java.util.concurrent.ThreadPoolExecutor.runWorker(ThreadPoolExecutor.java:1144)
	at java.base/java.util.concurrent.ThreadPoolExecutor$Worker.run(ThreadPoolExecutor.java:642)
	at java.base/java.lang.Thread.run(Thread.java:1583)
20:07:11.978 [pool-3-thread-4] ERROR fun.luqing.DMW2 - [parseResponse,63] - BigModel
org.json.JSONException: JSONObject["choices"] not found.
	at org.json.JSONObject.get(JSONObject.java:568)
	at org.json.JSONObject.getJSONArray(JSONObject.java:761)
	at fun.luqing.Plugin.Chat.BigModelApi.parseResponse(BigModelApi.java:26)
	at fun.luqing.Plugin.Chat.Chat.handleApiResponse(Chat.java:54)
	at fun.luqing.Plugin.Chat.Chat.<init>(Chat.java:26)
	at fun.luqing.Plugin.Plugin.register(Plugin.java:33)
	at fun.luqing.Plugin.Plugin.<init>(Plugin.java:20)
	at fun.luqing.WebSocket.WebSocket.processMessage(WebSocket.java:136)
	at fun.luqing.WebSocket.WebSocket$1.lambda$onMessage$0(WebSocket.java:88)
	at java.base/java.util.concurrent.Executors$RunnableAdapter.call(Executors.java:572)
	at java.base/java.util.concurrent.FutureTask.run(FutureTask.java:317)
	at java.base/java.util.concurrent.ThreadPoolExecutor.runWorker(ThreadPoolExecutor.java:1144)
	at java.base/java.util.concurrent.ThreadPoolExecutor$Worker.run(ThreadPoolExecutor.java:642)
	at java.base/java.lang.Thread.run(Thread.java:1583)
20:09:12.574 [pool-3-thread-2] ERROR fun.luqing.DMW2 - [parseResponse,63] - BigModel
org.json.JSONException: JSONObject["choices"] not found.
	at org.json.JSONObject.get(JSONObject.java:568)
	at org.json.JSONObject.getJSONArray(JSONObject.java:761)
	at fun.luqing.Plugin.Chat.BigModelApi.parseResponse(BigModelApi.java:26)
	at fun.luqing.Plugin.Chat.Chat.handleApiResponse(Chat.java:54)
	at fun.luqing.Plugin.Chat.Chat.<init>(Chat.java:26)
	at fun.luqing.Plugin.Plugin.register(Plugin.java:33)
	at fun.luqing.Plugin.Plugin.<init>(Plugin.java:20)
	at fun.luqing.WebSocket.WebSocket.processMessage(WebSocket.java:136)
	at fun.luqing.WebSocket.WebSocket$1.lambda$onMessage$0(WebSocket.java:88)
	at java.base/java.util.concurrent.Executors$RunnableAdapter.call(Executors.java:572)
	at java.base/java.util.concurrent.FutureTask.run(FutureTask.java:317)
	at java.base/java.util.concurrent.ThreadPoolExecutor.runWorker(ThreadPoolExecutor.java:1144)
	at java.base/java.util.concurrent.ThreadPoolExecutor$Worker.run(ThreadPoolExecutor.java:642)
	at java.base/java.lang.Thread.run(Thread.java:1583)
20:11:26.401 [pool-3-thread-3] ERROR fun.luqing.DMW2 - [parseResponse,63] - BigModel
org.json.JSONException: JSONObject["choices"] not found.
	at org.json.JSONObject.get(JSONObject.java:568)
	at org.json.JSONObject.getJSONArray(JSONObject.java:761)
	at fun.luqing.Plugin.Chat.BigModelApi.parseResponse(BigModelApi.java:26)
	at fun.luqing.Plugin.Chat.Chat.handleApiResponse(Chat.java:54)
	at fun.luqing.Plugin.Chat.Chat.<init>(Chat.java:26)
	at fun.luqing.Plugin.Plugin.register(Plugin.java:33)
	at fun.luqing.Plugin.Plugin.<init>(Plugin.java:20)
	at fun.luqing.WebSocket.WebSocket.processMessage(WebSocket.java:136)
	at fun.luqing.WebSocket.WebSocket$1.lambda$onMessage$0(WebSocket.java:88)
	at java.base/java.util.concurrent.Executors$RunnableAdapter.call(Executors.java:572)
	at java.base/java.util.concurrent.FutureTask.run(FutureTask.java:317)
	at java.base/java.util.concurrent.ThreadPoolExecutor.runWorker(ThreadPoolExecutor.java:1144)
	at java.base/java.util.concurrent.ThreadPoolExecutor$Worker.run(ThreadPoolExecutor.java:642)
	at java.base/java.lang.Thread.run(Thread.java:1583)
