23:48:00.536 [pool-3-thread-1] ERROR fun.luqing.DMW2 - [processMessage,138] - 处理消息异常
org.json.JSONException: A JSONObject text must begin with '{' at 1 [character 2 line 1]
	at org.json.JSONTokener.syntaxError(JSONTokener.java:503)
	at org.json.JSONObject.<init>(JSONObject.java:208)
	at org.json.JSONObject.<init>(JSONObject.java:402)
	at fun.luqing.Plugin.SeTu.Lolicon.<init>(Lolicon.java:34)
	at fun.luqing.Plugin.Plugin.register(Plugin.java:29)
	at fun.luqing.Plugin.Plugin.<init>(Plugin.java:18)
	at fun.luqing.WebSocket.WebSocket.processMessage(WebSocket.java:136)
	at fun.luqing.WebSocket.WebSocket$1.lambda$onMessage$0(WebSocket.java:88)
	at java.base/java.util.concurrent.Executors$RunnableAdapter.call(Executors.java:572)
	at java.base/java.util.concurrent.FutureTask.run(FutureTask.java:317)
	at java.base/java.util.concurrent.ThreadPoolExecutor.runWorker(ThreadPoolExecutor.java:1144)
	at java.base/java.util.concurrent.ThreadPoolExecutor$Worker.run(ThreadPoolExecutor.java:642)
	at java.base/java.lang.Thread.run(Thread.java:1583)
23:48:14.919 [pool-3-thread-2] ERROR fun.luqing.DMW2 - [processMessage,138] - 处理消息异常
org.json.JSONException: JSONArray[0] not found.
	at org.json.JSONArray.get(JSONArray.java:244)
	at org.json.JSONArray.getJSONObject(JSONArray.java:457)
	at fun.luqing.Plugin.SeTu.Lolicon.<init>(Lolicon.java:34)
	at fun.luqing.Plugin.Plugin.register(Plugin.java:29)
	at fun.luqing.Plugin.Plugin.<init>(Plugin.java:18)
	at fun.luqing.WebSocket.WebSocket.processMessage(WebSocket.java:136)
	at fun.luqing.WebSocket.WebSocket$1.lambda$onMessage$0(WebSocket.java:88)
	at java.base/java.util.concurrent.Executors$RunnableAdapter.call(Executors.java:572)
	at java.base/java.util.concurrent.FutureTask.run(FutureTask.java:317)
	at java.base/java.util.concurrent.ThreadPoolExecutor.runWorker(ThreadPoolExecutor.java:1144)
	at java.base/java.util.concurrent.ThreadPoolExecutor$Worker.run(ThreadPoolExecutor.java:642)
	at java.base/java.lang.Thread.run(Thread.java:1583)
23:48:48.917 [pool-3-thread-4] ERROR fun.luqing.DMW2 - [processMessage,138] - 处理消息异常
org.json.JSONException: A JSONObject text must begin with '{' at 1 [character 2 line 1]
	at org.json.JSONTokener.syntaxError(JSONTokener.java:503)
	at org.json.JSONObject.<init>(JSONObject.java:208)
	at org.json.JSONObject.<init>(JSONObject.java:402)
	at fun.luqing.Plugin.SeTu.Lolicon.<init>(Lolicon.java:34)
	at fun.luqing.Plugin.Plugin.register(Plugin.java:29)
	at fun.luqing.Plugin.Plugin.<init>(Plugin.java:18)
	at fun.luqing.WebSocket.WebSocket.processMessage(WebSocket.java:136)
	at fun.luqing.WebSocket.WebSocket$1.lambda$onMessage$0(WebSocket.java:88)
	at java.base/java.util.concurrent.Executors$RunnableAdapter.call(Executors.java:572)
	at java.base/java.util.concurrent.FutureTask.run(FutureTask.java:317)
	at java.base/java.util.concurrent.ThreadPoolExecutor.runWorker(ThreadPoolExecutor.java:1144)
	at java.base/java.util.concurrent.ThreadPoolExecutor$Worker.run(ThreadPoolExecutor.java:642)
	at java.base/java.lang.Thread.run(Thread.java:1583)
23:50:08.202 [pool-3-thread-6] ERROR fun.luqing.DMW2 - [processMessage,138] - 处理消息异常
org.json.JSONException: A JSONObject text must begin with '{' at 1 [character 2 line 1]
	at org.json.JSONTokener.syntaxError(JSONTokener.java:503)
	at org.json.JSONObject.<init>(JSONObject.java:208)
	at org.json.JSONObject.<init>(JSONObject.java:402)
	at fun.luqing.Plugin.SeTu.Lolicon.<init>(Lolicon.java:34)
	at fun.luqing.Plugin.Plugin.register(Plugin.java:29)
	at fun.luqing.Plugin.Plugin.<init>(Plugin.java:18)
	at fun.luqing.WebSocket.WebSocket.processMessage(WebSocket.java:136)
	at fun.luqing.WebSocket.WebSocket$1.lambda$onMessage$0(WebSocket.java:88)
	at java.base/java.util.concurrent.Executors$RunnableAdapter.call(Executors.java:572)
	at java.base/java.util.concurrent.FutureTask.run(FutureTask.java:317)
	at java.base/java.util.concurrent.ThreadPoolExecutor.runWorker(ThreadPoolExecutor.java:1144)
	at java.base/java.util.concurrent.ThreadPoolExecutor$Worker.run(ThreadPoolExecutor.java:642)
	at java.base/java.lang.Thread.run(Thread.java:1583)
23:51:15.483 [pool-3-thread-4] ERROR fun.luqing.DMW2 - [processMessage,138] - 处理消息异常
org.json.JSONException: A JSONObject text must begin with '{' at 1 [character 2 line 1]
	at org.json.JSONTokener.syntaxError(JSONTokener.java:503)
	at org.json.JSONObject.<init>(JSONObject.java:208)
	at org.json.JSONObject.<init>(JSONObject.java:402)
	at fun.luqing.Plugin.SeTu.Lolicon.<init>(Lolicon.java:34)
	at fun.luqing.Plugin.Plugin.register(Plugin.java:29)
	at fun.luqing.Plugin.Plugin.<init>(Plugin.java:18)
	at fun.luqing.WebSocket.WebSocket.processMessage(WebSocket.java:136)
	at fun.luqing.WebSocket.WebSocket$1.lambda$onMessage$0(WebSocket.java:88)
	at java.base/java.util.concurrent.Executors$RunnableAdapter.call(Executors.java:572)
	at java.base/java.util.concurrent.FutureTask.run(FutureTask.java:317)
	at java.base/java.util.concurrent.ThreadPoolExecutor.runWorker(ThreadPoolExecutor.java:1144)
	at java.base/java.util.concurrent.ThreadPoolExecutor$Worker.run(ThreadPoolExecutor.java:642)
	at java.base/java.lang.Thread.run(Thread.java:1583)
23:51:49.028 [pool-3-thread-2] ERROR fun.luqing.DMW2 - [lambda$new$2,36] - 发送合并转发消息失败
java.util.concurrent.CompletionException: org.json.JSONException: JSONObject["data"] is not a JSONObject (class org.json.JSONObject$Null : null).
	at java.base/java.util.concurrent.CompletableFuture.encodeThrowable(CompletableFuture.java:315)
	at java.base/java.util.concurrent.CompletableFuture.completeThrowable(CompletableFuture.java:320)
	at java.base/java.util.concurrent.CompletableFuture$UniAccept.tryFire(CompletableFuture.java:722)
	at java.base/java.util.concurrent.CompletableFuture.postComplete(CompletableFuture.java:510)
	at java.base/java.util.concurrent.CompletableFuture.complete(CompletableFuture.java:2179)
	at fun.luqing.WebSocket.WebSocket.processMessage(WebSocket.java:132)
	at fun.luqing.WebSocket.WebSocket$1.lambda$onMessage$0(WebSocket.java:88)
	at java.base/java.util.concurrent.Executors$RunnableAdapter.call(Executors.java:572)
	at java.base/java.util.concurrent.FutureTask.run(FutureTask.java:317)
	at java.base/java.util.concurrent.ThreadPoolExecutor.runWorker(ThreadPoolExecutor.java:1144)
	at java.base/java.util.concurrent.ThreadPoolExecutor$Worker.run(ThreadPoolExecutor.java:642)
	at java.base/java.lang.Thread.run(Thread.java:1583)
Caused by: org.json.JSONException: JSONObject["data"] is not a JSONObject (class org.json.JSONObject$Null : null).
	at org.json.JSONObject.wrongValueFormatException(JSONObject.java:2910)
	at org.json.JSONObject.getJSONObject(JSONObject.java:782)
	at fun.luqing.ApiConnector.Message.GroupChat.SendGroupForwardMsg.lambda$new$1(SendGroupForwardMsg.java:32)
	at java.base/java.util.concurrent.CompletableFuture$UniAccept.tryFire(CompletableFuture.java:718)
	... 9 common frames omitted
23:54:28.808 [pool-3-thread-3] ERROR fun.luqing.DMW2 - [lambda$new$2,36] - 发送合并转发消息失败
java.util.concurrent.CompletionException: org.json.JSONException: JSONObject["data"] is not a JSONObject (class org.json.JSONObject$Null : null).
	at java.base/java.util.concurrent.CompletableFuture.encodeThrowable(CompletableFuture.java:315)
	at java.base/java.util.concurrent.CompletableFuture.completeThrowable(CompletableFuture.java:320)
	at java.base/java.util.concurrent.CompletableFuture$UniAccept.tryFire(CompletableFuture.java:722)
	at java.base/java.util.concurrent.CompletableFuture.postComplete(CompletableFuture.java:510)
	at java.base/java.util.concurrent.CompletableFuture.complete(CompletableFuture.java:2179)
	at fun.luqing.WebSocket.WebSocket.processMessage(WebSocket.java:132)
	at fun.luqing.WebSocket.WebSocket$1.lambda$onMessage$0(WebSocket.java:88)
	at java.base/java.util.concurrent.Executors$RunnableAdapter.call(Executors.java:572)
	at java.base/java.util.concurrent.FutureTask.run(FutureTask.java:317)
	at java.base/java.util.concurrent.ThreadPoolExecutor.runWorker(ThreadPoolExecutor.java:1144)
	at java.base/java.util.concurrent.ThreadPoolExecutor$Worker.run(ThreadPoolExecutor.java:642)
	at java.base/java.lang.Thread.run(Thread.java:1583)
Caused by: org.json.JSONException: JSONObject["data"] is not a JSONObject (class org.json.JSONObject$Null : null).
	at org.json.JSONObject.wrongValueFormatException(JSONObject.java:2910)
	at org.json.JSONObject.getJSONObject(JSONObject.java:782)
	at fun.luqing.ApiConnector.Message.GroupChat.SendGroupForwardMsg.lambda$new$1(SendGroupForwardMsg.java:32)
	at java.base/java.util.concurrent.CompletableFuture$UniAccept.tryFire(CompletableFuture.java:718)
	... 9 common frames omitted
23:56:51.781 [pool-3-thread-6] ERROR fun.luqing.DMW2 - [processMessage,138] - 处理消息异常
org.json.JSONException: JSONArray[0] not found.
	at org.json.JSONArray.get(JSONArray.java:244)
	at org.json.JSONArray.getJSONObject(JSONArray.java:457)
	at fun.luqing.Plugin.SeTu.Lolicon.<init>(Lolicon.java:34)
	at fun.luqing.Plugin.Plugin.register(Plugin.java:29)
	at fun.luqing.Plugin.Plugin.<init>(Plugin.java:18)
	at fun.luqing.WebSocket.WebSocket.processMessage(WebSocket.java:136)
	at fun.luqing.WebSocket.WebSocket$1.lambda$onMessage$0(WebSocket.java:88)
	at java.base/java.util.concurrent.Executors$RunnableAdapter.call(Executors.java:572)
	at java.base/java.util.concurrent.FutureTask.run(FutureTask.java:317)
	at java.base/java.util.concurrent.ThreadPoolExecutor.runWorker(ThreadPoolExecutor.java:1144)
	at java.base/java.util.concurrent.ThreadPoolExecutor$Worker.run(ThreadPoolExecutor.java:642)
	at java.base/java.lang.Thread.run(Thread.java:1583)
23:58:35.162 [pool-3-thread-2] ERROR fun.luqing.DMW2 - [processMessage,138] - 处理消息异常
org.json.JSONException: JSONArray[0] not found.
	at org.json.JSONArray.get(JSONArray.java:244)
	at org.json.JSONArray.getJSONObject(JSONArray.java:457)
	at fun.luqing.Plugin.SeTu.Lolicon.<init>(Lolicon.java:34)
	at fun.luqing.Plugin.Plugin.register(Plugin.java:29)
	at fun.luqing.Plugin.Plugin.<init>(Plugin.java:18)
	at fun.luqing.WebSocket.WebSocket.processMessage(WebSocket.java:136)
	at fun.luqing.WebSocket.WebSocket$1.lambda$onMessage$0(WebSocket.java:88)
	at java.base/java.util.concurrent.Executors$RunnableAdapter.call(Executors.java:572)
	at java.base/java.util.concurrent.FutureTask.run(FutureTask.java:317)
	at java.base/java.util.concurrent.ThreadPoolExecutor.runWorker(ThreadPoolExecutor.java:1144)
	at java.base/java.util.concurrent.ThreadPoolExecutor$Worker.run(ThreadPoolExecutor.java:642)
	at java.base/java.lang.Thread.run(Thread.java:1583)
