02:49:58.920 [[1;31mmain[0;39m] [1;31mERROR[0;39m fun.luqing.DMW2 - [[34mmain[0;39m,12] - COLOR ERROR
02:52:14.857 [[1;31mmain[0;39m] [1;31mERROR[0;39m fun.luqing.DMW2 - [[34mmain[0;39m,12] - COLOR ERROR
02:59:56.694 [main] ERROR fun.luqing.DMW2 - [main,14] - COLOR ERROR
03:04:09.058 [main] ERROR fun.luqing.DMW2 - [main,14] - COLOR ERROR
13:55:36.437 [pool-3-thread-4] ERROR fun.luqing.DMW2 - [lambda$onMessage$0,114] - 处理消息异常
org.json.JSONException: A JSONObject text must begin with '{' at 1 [character 2 line 1]
	at org.json.JSONTokener.syntaxError(JSONTokener.java:503)
	at org.json.JSONObject.<init>(JSONObject.java:208)
	at org.json.JSONObject.<init>(JSONObject.java:402)
	at fun.luqing.ApiConnector.Message.GroupChat.SendGroupMessageReply.<init>(SendGroupMessageReply.java:17)
	at fun.luqing.temp.PT.sendAtNotification(PT.java:33)
	at fun.luqing.temp.PT.<init>(PT.java:14)
	at fun.luqing.Plugin.Plugin.register(Plugin.java:22)
	at fun.luqing.Plugin.Plugin.<init>(Plugin.java:12)
	at fun.luqing.WebSocket.WebSocket$1.lambda$onMessage$0(WebSocket.java:112)
	at java.base/java.util.concurrent.Executors$RunnableAdapter.call(Executors.java:572)
	at java.base/java.util.concurrent.FutureTask.run(FutureTask.java:317)
	at java.base/java.util.concurrent.ThreadPoolExecutor.runWorker(ThreadPoolExecutor.java:1144)
	at java.base/java.util.concurrent.ThreadPoolExecutor$Worker.run(ThreadPoolExecutor.java:642)
	at java.base/java.lang.Thread.run(Thread.java:1583)
13:56:39.890 [pool-3-thread-2] ERROR fun.luqing.DMW2 - [lambda$onMessage$0,114] - 处理消息异常
org.json.JSONException: A JSONObject text must begin with '{' at 1 [character 2 line 1]
	at org.json.JSONTokener.syntaxError(JSONTokener.java:503)
	at org.json.JSONObject.<init>(JSONObject.java:208)
	at org.json.JSONObject.<init>(JSONObject.java:402)
	at fun.luqing.ApiConnector.Message.GroupChat.SendGroupMessageReply.<init>(SendGroupMessageReply.java:17)
	at fun.luqing.temp.PT.sendAtNotification(PT.java:33)
	at fun.luqing.temp.PT.<init>(PT.java:14)
	at fun.luqing.Plugin.Plugin.register(Plugin.java:22)
	at fun.luqing.Plugin.Plugin.<init>(Plugin.java:12)
	at fun.luqing.WebSocket.WebSocket$1.lambda$onMessage$0(WebSocket.java:112)
	at java.base/java.util.concurrent.Executors$RunnableAdapter.call(Executors.java:572)
	at java.base/java.util.concurrent.FutureTask.run(FutureTask.java:317)
	at java.base/java.util.concurrent.ThreadPoolExecutor.runWorker(ThreadPoolExecutor.java:1144)
	at java.base/java.util.concurrent.ThreadPoolExecutor$Worker.run(ThreadPoolExecutor.java:642)
	at java.base/java.lang.Thread.run(Thread.java:1583)
13:56:52.933 [pool-3-thread-6] ERROR fun.luqing.DMW2 - [lambda$onMessage$0,114] - 处理消息异常
org.json.JSONException: A JSONObject text must begin with '{' at 1 [character 2 line 1]
	at org.json.JSONTokener.syntaxError(JSONTokener.java:503)
	at org.json.JSONObject.<init>(JSONObject.java:208)
	at org.json.JSONObject.<init>(JSONObject.java:402)
	at fun.luqing.ApiConnector.Message.GroupChat.SendGroupMessageReply.<init>(SendGroupMessageReply.java:17)
	at fun.luqing.temp.PT.sendAtNotification(PT.java:33)
	at fun.luqing.temp.PT.<init>(PT.java:14)
	at fun.luqing.Plugin.Plugin.register(Plugin.java:22)
	at fun.luqing.Plugin.Plugin.<init>(Plugin.java:12)
	at fun.luqing.WebSocket.WebSocket$1.lambda$onMessage$0(WebSocket.java:112)
	at java.base/java.util.concurrent.Executors$RunnableAdapter.call(Executors.java:572)
	at java.base/java.util.concurrent.FutureTask.run(FutureTask.java:317)
	at java.base/java.util.concurrent.ThreadPoolExecutor.runWorker(ThreadPoolExecutor.java:1144)
	at java.base/java.util.concurrent.ThreadPoolExecutor$Worker.run(ThreadPoolExecutor.java:642)
	at java.base/java.lang.Thread.run(Thread.java:1583)
13:57:06.869 [pool-3-thread-2] ERROR fun.luqing.DMW2 - [lambda$onMessage$0,114] - 处理消息异常
org.json.JSONException: JSONObject["status"] not found.
	at org.json.JSONObject.get(JSONObject.java:568)
	at org.json.JSONObject.getString(JSONObject.java:855)
	at fun.luqing.ApiConnector.Message.GroupChat.SendGroupMessageReply.<init>(SendGroupMessageReply.java:18)
	at fun.luqing.temp.PT.sendAtNotification(PT.java:33)
	at fun.luqing.temp.PT.<init>(PT.java:14)
	at fun.luqing.Plugin.Plugin.register(Plugin.java:22)
	at fun.luqing.Plugin.Plugin.<init>(Plugin.java:12)
	at fun.luqing.WebSocket.WebSocket$1.lambda$onMessage$0(WebSocket.java:112)
	at java.base/java.util.concurrent.Executors$RunnableAdapter.call(Executors.java:572)
	at java.base/java.util.concurrent.FutureTask.run(FutureTask.java:317)
	at java.base/java.util.concurrent.ThreadPoolExecutor.runWorker(ThreadPoolExecutor.java:1144)
	at java.base/java.util.concurrent.ThreadPoolExecutor$Worker.run(ThreadPoolExecutor.java:642)
	at java.base/java.lang.Thread.run(Thread.java:1583)
13:58:55.651 [pool-3-thread-2] ERROR fun.luqing.DMW2 - [lambda$onMessage$0,114] - 处理消息异常
org.json.JSONException: JSONObject["status"] not found.
	at org.json.JSONObject.get(JSONObject.java:568)
	at org.json.JSONObject.getString(JSONObject.java:855)
	at fun.luqing.ApiConnector.Message.GroupChat.SendGroupMessageReply.<init>(SendGroupMessageReply.java:19)
	at fun.luqing.temp.PT.sendAtNotification(PT.java:33)
	at fun.luqing.temp.PT.<init>(PT.java:14)
	at fun.luqing.Plugin.Plugin.register(Plugin.java:22)
	at fun.luqing.Plugin.Plugin.<init>(Plugin.java:12)
	at fun.luqing.WebSocket.WebSocket$1.lambda$onMessage$0(WebSocket.java:112)
	at java.base/java.util.concurrent.Executors$RunnableAdapter.call(Executors.java:572)
	at java.base/java.util.concurrent.FutureTask.run(FutureTask.java:317)
	at java.base/java.util.concurrent.ThreadPoolExecutor.runWorker(ThreadPoolExecutor.java:1144)
	at java.base/java.util.concurrent.ThreadPoolExecutor$Worker.run(ThreadPoolExecutor.java:642)
	at java.base/java.lang.Thread.run(Thread.java:1583)
17:33:51.279 [pool-3-thread-2] ERROR fun.luqing.DMW2 - [processMessage,140] - 处理消息异常
org.json.JSONException: JSONObject["status"] not found.
	at org.json.JSONObject.get(JSONObject.java:568)
	at org.json.JSONObject.getString(JSONObject.java:855)
	at fun.luqing.ApiConnector.Message.GroupChat.SendGroupMessageReply.<init>(SendGroupMessageReply.java:19)
	at fun.luqing.temp.PT.sendAtNotification(PT.java:33)
	at fun.luqing.temp.PT.<init>(PT.java:14)
	at fun.luqing.Plugin.Plugin.register(Plugin.java:22)
	at fun.luqing.Plugin.Plugin.<init>(Plugin.java:12)
	at fun.luqing.WebSocket.WebSocket.processMessage(WebSocket.java:138)
	at fun.luqing.WebSocket.WebSocket$1.lambda$onMessage$0(WebSocket.java:90)
	at java.base/java.util.concurrent.Executors$RunnableAdapter.call(Executors.java:572)
	at java.base/java.util.concurrent.FutureTask.run(FutureTask.java:317)
	at java.base/java.util.concurrent.ThreadPoolExecutor.runWorker(ThreadPoolExecutor.java:1144)
	at java.base/java.util.concurrent.ThreadPoolExecutor$Worker.run(ThreadPoolExecutor.java:642)
	at java.base/java.lang.Thread.run(Thread.java:1583)
17:34:09.705 [pool-3-thread-5] ERROR fun.luqing.DMW2 - [processMessage,140] - 处理消息异常
org.json.JSONException: JSONObject["status"] not found.
	at org.json.JSONObject.get(JSONObject.java:568)
	at org.json.JSONObject.getString(JSONObject.java:855)
	at fun.luqing.ApiConnector.Message.GroupChat.SendGroupMessageReply.<init>(SendGroupMessageReply.java:19)
	at fun.luqing.temp.PT.sendAtNotification(PT.java:33)
	at fun.luqing.temp.PT.<init>(PT.java:14)
	at fun.luqing.Plugin.Plugin.register(Plugin.java:22)
	at fun.luqing.Plugin.Plugin.<init>(Plugin.java:12)
	at fun.luqing.WebSocket.WebSocket.processMessage(WebSocket.java:138)
	at fun.luqing.WebSocket.WebSocket$1.lambda$onMessage$0(WebSocket.java:90)
	at java.base/java.util.concurrent.Executors$RunnableAdapter.call(Executors.java:572)
	at java.base/java.util.concurrent.FutureTask.run(FutureTask.java:317)
	at java.base/java.util.concurrent.ThreadPoolExecutor.runWorker(ThreadPoolExecutor.java:1144)
	at java.base/java.util.concurrent.ThreadPoolExecutor$Worker.run(ThreadPoolExecutor.java:642)
	at java.base/java.lang.Thread.run(Thread.java:1583)
17:58:36.976 [pool-3-thread-6] ERROR fun.luqing.DMW2 - [processMessage,140] - 处理消息异常
org.json.JSONException: JSONObject["sub_type"] not found.
	at org.json.JSONObject.get(JSONObject.java:568)
	at org.json.JSONObject.getString(JSONObject.java:855)
	at fun.luqing.Utils.Message.Notice.<init>(Notice.java:19)
	at fun.luqing.Plugin.Plugin.register(Plugin.java:16)
	at fun.luqing.Plugin.Plugin.<init>(Plugin.java:12)
	at fun.luqing.WebSocket.WebSocket.processMessage(WebSocket.java:138)
	at fun.luqing.WebSocket.WebSocket$1.lambda$onMessage$0(WebSocket.java:90)
	at java.base/java.util.concurrent.Executors$RunnableAdapter.call(Executors.java:572)
	at java.base/java.util.concurrent.FutureTask.run(FutureTask.java:317)
	at java.base/java.util.concurrent.ThreadPoolExecutor.runWorker(ThreadPoolExecutor.java:1144)
	at java.base/java.util.concurrent.ThreadPoolExecutor$Worker.run(ThreadPoolExecutor.java:642)
	at java.base/java.lang.Thread.run(Thread.java:1583)
19:02:32.573 [pool-3-thread-5] ERROR fun.luqing.DMW2 - [processMessage,140] - 处理消息异常
org.json.JSONException: JSONObject["sub_type"] not found.
	at org.json.JSONObject.get(JSONObject.java:568)
	at org.json.JSONObject.getString(JSONObject.java:855)
	at fun.luqing.Utils.Message.Notice.<init>(Notice.java:19)
	at fun.luqing.Plugin.Plugin.register(Plugin.java:16)
	at fun.luqing.Plugin.Plugin.<init>(Plugin.java:12)
	at fun.luqing.WebSocket.WebSocket.processMessage(WebSocket.java:138)
	at fun.luqing.WebSocket.WebSocket$1.lambda$onMessage$0(WebSocket.java:90)
	at java.base/java.util.concurrent.Executors$RunnableAdapter.call(Executors.java:572)
	at java.base/java.util.concurrent.FutureTask.run(FutureTask.java:317)
	at java.base/java.util.concurrent.ThreadPoolExecutor.runWorker(ThreadPoolExecutor.java:1144)
	at java.base/java.util.concurrent.ThreadPoolExecutor$Worker.run(ThreadPoolExecutor.java:642)
	at java.base/java.lang.Thread.run(Thread.java:1583)
