00:06:01.551 [pool-3-thread-6] ERROR fun.luqing.DMW2 - [processMessage,138] - 处理消息异常
org.json.JSONException: A JSONObject text must begin with '{' at 1 [character 2 line 1]
	at org.json.JSONTokener.syntaxError(JSONTokener.java:503)
	at org.json.JSONObject.<init>(JSONObject.java:208)
	at org.json.JSONObject.<init>(JSONObject.java:402)
	at fun.luqing.Plugin.SeTu.Lolicon.<init>(Lolicon.java:36)
	at fun.luqing.Plugin.Plugin.register(Plugin.java:29)
	at fun.luqing.Plugin.Plugin.<init>(Plugin.java:18)
	at fun.luqing.WebSocket.WebSocket.processMessage(WebSocket.java:136)
	at fun.luqing.WebSocket.WebSocket$1.lambda$onMessage$0(WebSocket.java:88)
	at java.base/java.util.concurrent.Executors$RunnableAdapter.call(Executors.java:572)
	at java.base/java.util.concurrent.FutureTask.run(FutureTask.java:317)
	at java.base/java.util.concurrent.ThreadPoolExecutor.runWorker(ThreadPoolExecutor.java:1144)
	at java.base/java.util.concurrent.ThreadPoolExecutor$Worker.run(ThreadPoolExecutor.java:642)
	at java.base/java.lang.Thread.run(Thread.java:1583)
00:06:37.227 [pool-3-thread-1] ERROR fun.luqing.DMW2 - [processMessage,138] - 处理消息异常
org.json.JSONException: A JSONObject text must begin with '{' at 1 [character 2 line 1]
	at org.json.JSONTokener.syntaxError(JSONTokener.java:503)
	at org.json.JSONObject.<init>(JSONObject.java:208)
	at org.json.JSONObject.<init>(JSONObject.java:402)
	at fun.luqing.Plugin.SeTu.Lolicon.<init>(Lolicon.java:36)
	at fun.luqing.Plugin.Plugin.register(Plugin.java:29)
	at fun.luqing.Plugin.Plugin.<init>(Plugin.java:18)
	at fun.luqing.WebSocket.WebSocket.processMessage(WebSocket.java:136)
	at fun.luqing.WebSocket.WebSocket$1.lambda$onMessage$0(WebSocket.java:88)
	at java.base/java.util.concurrent.Executors$RunnableAdapter.call(Executors.java:572)
	at java.base/java.util.concurrent.FutureTask.run(FutureTask.java:317)
	at java.base/java.util.concurrent.ThreadPoolExecutor.runWorker(ThreadPoolExecutor.java:1144)
	at java.base/java.util.concurrent.ThreadPoolExecutor$Worker.run(ThreadPoolExecutor.java:642)
	at java.base/java.lang.Thread.run(Thread.java:1583)
00:08:22.832 [pool-3-thread-3] ERROR fun.luqing.DMW2 - [processMessage,138] - 处理消息异常
org.json.JSONException: A JSONObject text must begin with '{' at 1 [character 2 line 1]
	at org.json.JSONTokener.syntaxError(JSONTokener.java:503)
	at org.json.JSONObject.<init>(JSONObject.java:208)
	at org.json.JSONObject.<init>(JSONObject.java:402)
	at fun.luqing.Plugin.SeTu.Lolicon.<init>(Lolicon.java:36)
	at fun.luqing.Plugin.Plugin.register(Plugin.java:29)
	at fun.luqing.Plugin.Plugin.<init>(Plugin.java:18)
	at fun.luqing.WebSocket.WebSocket.processMessage(WebSocket.java:136)
	at fun.luqing.WebSocket.WebSocket$1.lambda$onMessage$0(WebSocket.java:88)
	at java.base/java.util.concurrent.Executors$RunnableAdapter.call(Executors.java:572)
	at java.base/java.util.concurrent.FutureTask.run(FutureTask.java:317)
	at java.base/java.util.concurrent.ThreadPoolExecutor.runWorker(ThreadPoolExecutor.java:1144)
	at java.base/java.util.concurrent.ThreadPoolExecutor$Worker.run(ThreadPoolExecutor.java:642)
	at java.base/java.lang.Thread.run(Thread.java:1583)
00:08:44.795 [pool-3-thread-2] ERROR fun.luqing.DMW2 - [processMessage,138] - 处理消息异常
org.json.JSONException: A JSONObject text must begin with '{' at 1 [character 2 line 1]
	at org.json.JSONTokener.syntaxError(JSONTokener.java:503)
	at org.json.JSONObject.<init>(JSONObject.java:208)
	at org.json.JSONObject.<init>(JSONObject.java:402)
	at fun.luqing.Plugin.SeTu.Lolicon.<init>(Lolicon.java:36)
	at fun.luqing.Plugin.Plugin.register(Plugin.java:29)
	at fun.luqing.Plugin.Plugin.<init>(Plugin.java:18)
	at fun.luqing.WebSocket.WebSocket.processMessage(WebSocket.java:136)
	at fun.luqing.WebSocket.WebSocket$1.lambda$onMessage$0(WebSocket.java:88)
	at java.base/java.util.concurrent.Executors$RunnableAdapter.call(Executors.java:572)
	at java.base/java.util.concurrent.FutureTask.run(FutureTask.java:317)
	at java.base/java.util.concurrent.ThreadPoolExecutor.runWorker(ThreadPoolExecutor.java:1144)
	at java.base/java.util.concurrent.ThreadPoolExecutor$Worker.run(ThreadPoolExecutor.java:642)
	at java.base/java.lang.Thread.run(Thread.java:1583)
00:29:22.810 [pool-3-thread-6] ERROR fun.luqing.DMW2 - [processMessage,138] - 处理消息异常
org.json.JSONException: A JSONObject text must begin with '{' at 1 [character 2 line 1]
	at org.json.JSONTokener.syntaxError(JSONTokener.java:503)
	at org.json.JSONObject.<init>(JSONObject.java:208)
	at org.json.JSONObject.<init>(JSONObject.java:402)
	at fun.luqing.Plugin.SeTu.Lolicon.getURL(Lolicon.java:121)
	at fun.luqing.Plugin.SeTu.Lolicon.<init>(Lolicon.java:38)
	at fun.luqing.Plugin.Plugin.register(Plugin.java:29)
	at fun.luqing.Plugin.Plugin.<init>(Plugin.java:18)
	at fun.luqing.WebSocket.WebSocket.processMessage(WebSocket.java:136)
	at fun.luqing.WebSocket.WebSocket$1.lambda$onMessage$0(WebSocket.java:88)
	at java.base/java.util.concurrent.Executors$RunnableAdapter.call(Executors.java:572)
	at java.base/java.util.concurrent.FutureTask.run(FutureTask.java:317)
	at java.base/java.util.concurrent.ThreadPoolExecutor.runWorker(ThreadPoolExecutor.java:1144)
	at java.base/java.util.concurrent.ThreadPoolExecutor$Worker.run(ThreadPoolExecutor.java:642)
	at java.base/java.lang.Thread.run(Thread.java:1583)
00:34:00.326 [pool-3-thread-6] ERROR fun.luqing.DMW2 - [processMessage,138] - 处理消息异常
org.json.JSONException: JSONObject["data"] not found.
	at org.json.JSONObject.get(JSONObject.java:568)
	at org.json.JSONObject.getJSONArray(JSONObject.java:761)
	at fun.luqing.Plugin.SeTu.Lolicon.<init>(Lolicon.java:39)
	at fun.luqing.Plugin.Plugin.register(Plugin.java:29)
	at fun.luqing.Plugin.Plugin.<init>(Plugin.java:18)
	at fun.luqing.WebSocket.WebSocket.processMessage(WebSocket.java:136)
	at fun.luqing.WebSocket.WebSocket$1.lambda$onMessage$0(WebSocket.java:88)
	at java.base/java.util.concurrent.Executors$RunnableAdapter.call(Executors.java:572)
	at java.base/java.util.concurrent.FutureTask.run(FutureTask.java:317)
	at java.base/java.util.concurrent.ThreadPoolExecutor.runWorker(ThreadPoolExecutor.java:1144)
	at java.base/java.util.concurrent.ThreadPoolExecutor$Worker.run(ThreadPoolExecutor.java:642)
	at java.base/java.lang.Thread.run(Thread.java:1583)
12:23:16.492 [pool-3-thread-2] ERROR fun.luqing.DMW2 - [lambda$new$2,36] - 发送合并转发消息失败
java.util.concurrent.CompletionException: org.json.JSONException: JSONObject["data"] is not a JSONObject (class org.json.JSONObject$Null : null).
	at java.base/java.util.concurrent.CompletableFuture.encodeThrowable(CompletableFuture.java:315)
	at java.base/java.util.concurrent.CompletableFuture.completeThrowable(CompletableFuture.java:320)
	at java.base/java.util.concurrent.CompletableFuture$UniAccept.tryFire(CompletableFuture.java:722)
	at java.base/java.util.concurrent.CompletableFuture.postComplete(CompletableFuture.java:510)
	at java.base/java.util.concurrent.CompletableFuture.complete(CompletableFuture.java:2179)
	at fun.luqing.WebSocket.WebSocket.processMessage(WebSocket.java:132)
	at fun.luqing.WebSocket.WebSocket$1.lambda$onMessage$0(WebSocket.java:88)
	at java.base/java.util.concurrent.Executors$RunnableAdapter.call(Executors.java:572)
	at java.base/java.util.concurrent.FutureTask.run(FutureTask.java:317)
	at java.base/java.util.concurrent.ThreadPoolExecutor.runWorker(ThreadPoolExecutor.java:1144)
	at java.base/java.util.concurrent.ThreadPoolExecutor$Worker.run(ThreadPoolExecutor.java:642)
	at java.base/java.lang.Thread.run(Thread.java:1583)
Caused by: org.json.JSONException: JSONObject["data"] is not a JSONObject (class org.json.JSONObject$Null : null).
	at org.json.JSONObject.wrongValueFormatException(JSONObject.java:2910)
	at org.json.JSONObject.getJSONObject(JSONObject.java:782)
	at fun.luqing.ApiConnector.Message.GroupChat.SendGroupForwardMsg.lambda$new$1(SendGroupForwardMsg.java:32)
	at java.base/java.util.concurrent.CompletableFuture$UniAccept.tryFire(CompletableFuture.java:718)
	... 9 common frames omitted
12:27:12.935 [pool-3-thread-6] ERROR fun.luqing.DMW2 - [lambda$new$2,36] - 发送合并转发消息失败
java.util.concurrent.CompletionException: org.json.JSONException: JSONObject["data"] is not a JSONObject (class org.json.JSONObject$Null : null).
	at java.base/java.util.concurrent.CompletableFuture.encodeThrowable(CompletableFuture.java:315)
	at java.base/java.util.concurrent.CompletableFuture.completeThrowable(CompletableFuture.java:320)
	at java.base/java.util.concurrent.CompletableFuture$UniAccept.tryFire(CompletableFuture.java:722)
	at java.base/java.util.concurrent.CompletableFuture.postComplete(CompletableFuture.java:510)
	at java.base/java.util.concurrent.CompletableFuture.complete(CompletableFuture.java:2179)
	at fun.luqing.WebSocket.WebSocket.processMessage(WebSocket.java:132)
	at fun.luqing.WebSocket.WebSocket$1.lambda$onMessage$0(WebSocket.java:88)
	at java.base/java.util.concurrent.Executors$RunnableAdapter.call(Executors.java:572)
	at java.base/java.util.concurrent.FutureTask.run(FutureTask.java:317)
	at java.base/java.util.concurrent.ThreadPoolExecutor.runWorker(ThreadPoolExecutor.java:1144)
	at java.base/java.util.concurrent.ThreadPoolExecutor$Worker.run(ThreadPoolExecutor.java:642)
	at java.base/java.lang.Thread.run(Thread.java:1583)
Caused by: org.json.JSONException: JSONObject["data"] is not a JSONObject (class org.json.JSONObject$Null : null).
	at org.json.JSONObject.wrongValueFormatException(JSONObject.java:2910)
	at org.json.JSONObject.getJSONObject(JSONObject.java:782)
	at fun.luqing.ApiConnector.Message.GroupChat.SendGroupForwardMsg.lambda$new$1(SendGroupForwardMsg.java:32)
	at java.base/java.util.concurrent.CompletableFuture$UniAccept.tryFire(CompletableFuture.java:718)
	... 9 common frames omitted
12:42:33.170 [pool-3-thread-4] ERROR fun.luqing.DMW2 - [lambda$new$2,36] - 发送合并转发消息失败
java.util.concurrent.CompletionException: org.json.JSONException: JSONObject["data"] is not a JSONObject (class org.json.JSONObject$Null : null).
	at java.base/java.util.concurrent.CompletableFuture.encodeThrowable(CompletableFuture.java:315)
	at java.base/java.util.concurrent.CompletableFuture.completeThrowable(CompletableFuture.java:320)
	at java.base/java.util.concurrent.CompletableFuture$UniAccept.tryFire(CompletableFuture.java:722)
	at java.base/java.util.concurrent.CompletableFuture.postComplete(CompletableFuture.java:510)
	at java.base/java.util.concurrent.CompletableFuture.complete(CompletableFuture.java:2179)
	at fun.luqing.WebSocket.WebSocket.processMessage(WebSocket.java:132)
	at fun.luqing.WebSocket.WebSocket$1.lambda$onMessage$0(WebSocket.java:88)
	at java.base/java.util.concurrent.Executors$RunnableAdapter.call(Executors.java:572)
	at java.base/java.util.concurrent.FutureTask.run(FutureTask.java:317)
	at java.base/java.util.concurrent.ThreadPoolExecutor.runWorker(ThreadPoolExecutor.java:1144)
	at java.base/java.util.concurrent.ThreadPoolExecutor$Worker.run(ThreadPoolExecutor.java:642)
	at java.base/java.lang.Thread.run(Thread.java:1583)
Caused by: org.json.JSONException: JSONObject["data"] is not a JSONObject (class org.json.JSONObject$Null : null).
	at org.json.JSONObject.wrongValueFormatException(JSONObject.java:2910)
	at org.json.JSONObject.getJSONObject(JSONObject.java:782)
	at fun.luqing.ApiConnector.Message.GroupChat.SendGroupForwardMsg.lambda$new$1(SendGroupForwardMsg.java:32)
	at java.base/java.util.concurrent.CompletableFuture$UniAccept.tryFire(CompletableFuture.java:718)
	... 9 common frames omitted
15:48:09.800 [pool-3-thread-5] ERROR fun.luqing.DMW2 - [processMessage,138] - 处理消息异常
org.json.JSONException: JSONObject["code"] not found.
	at org.json.JSONObject.get(JSONObject.java:568)
	at org.json.JSONObject.getInt(JSONObject.java:740)
	at fun.luqing.Plugin.SeTu.Lolicon.handleApiResponse(Lolicon.java:224)
	at fun.luqing.Plugin.SeTu.Lolicon.<init>(Lolicon.java:46)
	at fun.luqing.Plugin.Plugin.register(Plugin.java:28)
	at fun.luqing.Plugin.Plugin.<init>(Plugin.java:17)
	at fun.luqing.WebSocket.WebSocket.processMessage(WebSocket.java:136)
	at fun.luqing.WebSocket.WebSocket$1.lambda$onMessage$0(WebSocket.java:88)
	at java.base/java.util.concurrent.Executors$RunnableAdapter.call(Executors.java:572)
	at java.base/java.util.concurrent.FutureTask.run(FutureTask.java:317)
	at java.base/java.util.concurrent.ThreadPoolExecutor.runWorker(ThreadPoolExecutor.java:1144)
	at java.base/java.util.concurrent.ThreadPoolExecutor$Worker.run(ThreadPoolExecutor.java:642)
	at java.base/java.lang.Thread.run(Thread.java:1583)
